<?xml version="1.0" encoding="UTF-8" ?>
<testsuite errors="1" failures="0" hostname="iMacdewolkowicz" name="bataillenavale.view.JLabelBateau$1" skipped="0" tests="1" time="0.0" timestamp="2017-05-02T19:40:28">
  <properties>
[...]
</properties>
  <error message="bataillenavale.view.JLabelBateau$1" type="java.lang.ClassNotFoundException">java.lang.ClassNotFoundException: bataillenavale.view.JLabelBateau$1
	at java.lang.ClassLoader.loadClass(ClassLoader.java:357)
	at java.lang.Class.forName0(Native Method)
	at java.lang.Class.forName(Class.java:348)
</error>
  <system-out><![CDATA[]]></system-out>
  <system-err><![CDATA[]]></system-err>
</testsuite>
